<?xml version="1.0" encoding="UTF-8"?>
<testng-results ignored="0" total="1" passed="1" failed="0" skipped="0">
  <reporter-output>
  </reporter-output>
  <suite started-at="2022-01-18T15:22:18 IST" name="Default suite" finished-at="2022-01-18T15:22:57 IST" duration-ms="39181">
    <groups>
    </groups>
    <test started-at="2022-01-18T15:22:18 IST" name="Default test" finished-at="2022-01-18T15:22:57 IST" duration-ms="39181">
      <class name="Tests.LuminorTests">
        <test-method signature="currencyRates()[pri:0, instance:Tests.LuminorTests@7133da86]" started-at="2022-01-18T15:22:18 IST" name="currencyRates" finished-at="2022-01-18T15:22:57 IST" duration-ms="39157" status="PASS">
          <reporter-output>
          </reporter-output>
        </test-method> <!-- currencyRates -->
      </class> <!-- Tests.LuminorTests -->
    </test> <!-- Default test -->
  </suite> <!-- Default suite -->
</testng-results>
